# IUPred3 - improved prediction of protein disorder with a focus on specific user applications 
# Gábor Erdős, Mátyás Pajkos, Zsuzsanna Dosztányi
# Nucleic Acids Research 2021, Submitted
# 
# IUPred2A: context-dependent prediction of protein disorder as a function of redox state and protein binding
# Balint Meszaros, Gabor Erdos, Zsuzsanna Dosztanyi
# Nucleic Acids Research 2018;46(W1):W329-W337.
#
# Prediction type: long
# Smoothing used: medium
# Prediction output
# POS	RES	IUPRED2	
1	M	0.3008
2	S	0.2715
3	V	0.2607
4	K	0.2653
5	R	0.2818
6	S	0.3062
7	V	0.3347
8	S	0.3631
9	E	0.3878
10	I	0.4059
11	E	0.4047
12	I	0.4115
13	E	0.3999
14	S	0.3795
15	V	0.3501
16	Q	0.3189
17	D	0.2933
18	Q	0.2709
19	P	0.2486
20	S	0.2422
21	V	0.2493
22	A	0.2696
23	V	0.3107
24	G	0.3424
25	S	0.3544
26	F	0.3477
27	F	0.3350
28	K	0.3114
29	G	0.2720
30	F	0.2334
31	R	0.1954
32	A	0.1806
33	P	0.1780
34	S	0.2026
35	D	0.2518
36	T	0.3071
37	T	0.3544
38	F	0.3975
39	D	0.4187
40	L	0.4306
41	Y	0.4223
42	K	0.4095
43	K	0.3882
44	K	0.3623
45	K	0.3440
46	S	0.3418
47	E	0.3590
48	K	0.3832
49	D	0.4101
50	E	0.4354
51	F	0.4507
52	V	0.4600
53	L	0.4658
54	H	0.4618
55	G	0.4510
56	E	0.4297
57	N	0.4071
58	E	0.4041
59	R	0.4096
60	L	0.4443
61	E	0.4814
62	Y	0.5228
63	E	0.5581
64	G	0.5785
65	Y	0.5758
66	T	0.5504
67	D	0.5106
68	S	0.4568
69	S	0.3980
70	S	0.3592
71	Q	0.3427
72	A	0.3498
73	S	0.3821
74	N	0.4159
75	Q	0.4405
76	Y	0.4478
77	V	0.4411
78	V	0.4302
79	G	0.4045
80	L	0.3702
81	F	0.3276
82	N	0.2962
83	P	0.2700
84	E	0.2445
85	K	0.2311
86	K	0.2247
87	S	0.2245
88	I	0.2374
89	Q	0.2442
90	L	0.2599
91	Y	0.2748
92	K	0.2931
93	A	0.3025
94	P	0.2878
95	V	0.2741
96	L	0.2683
97	V	0.2767
98	S	0.2912
99	K	0.3022
100	V	0.3167
101	V	0.3393
102	S	0.3626
103	K	0.3804
104	S	0.3925
105	S	0.4046
106	K	0.4303
107	N	0.4613
108	L	0.5041
109	R	0.5435
110	G	0.6010
111	P	0.6438
112	K	0.6595
113	I	0.6584
114	K	0.6537
115	S	0.6514
116	K	0.6374
117	S	0.6143
118	D	0.5836
119	T	0.5586
120	R	0.5471
121	P	0.5374
122	S	0.5228
123	A	0.5102
124	L	0.5118
125	R	0.5126
126	N	0.5126
127	A	0.4983
128	L	0.4875
129	G	0.4660
130	E	0.4309
131	A	0.3881
132	F	0.3597
133	G	0.3482
134	T	0.3452
135	K	0.3396
136	K	0.3454
137	A	0.3623
138	K	0.3823
139	K	0.3994
140	A	0.4067
141	I	0.4180
142	A	0.4286
143	D	0.4397
144	L	0.4560
145	E	0.4591
146	R	0.4557
147	N	0.4461
148	R	0.4295
149	I	0.4102
150	D	0.3949
151	S	0.3926
152	D	0.3910
153	K	0.3762
154	L	0.3751
155	T	0.3796
156	D	0.3885
157	S	0.3876
158	A	0.3810
159	I	0.3749
160	D	0.3739
161	I	0.3829
162	V	0.3831
163	D	0.3901
164	S	0.3968
165	V	0.3954
166	R	0.3904
167	T	0.3874
168	A	0.3872
169	S	0.3939
170	K	0.4044
171	D	0.4070
172	L	0.4291
173	P	0.4666
174	T	0.5142
175	R	0.5539
176	A	0.5888
177	Q	0.6132
178	L	0.6364
179	D	0.6416
180	E	0.6338
181	I	0.6210
182	T	0.5937
183	S	0.5693
184	N	0.5520
185	D	0.5384
186	R	0.5337
187	P	0.5353
188	T	0.5389
189	P	0.5309
190	L	0.5350
191	A	0.5335
192	N	0.5256
193	I	0.5001
194	D	0.4543
195	A	0.4146
196	T	0.3662
197	D	0.3204
198	V	0.2993
199	E	0.2791
200	Q	0.2651
201	I	0.2615
202	Y	0.2578
203	P	0.2513
204	I	0.2494
205	E	0.2359
206	S	0.2097
207	I	0.1742
208	I	0.1465
209	P	0.1263
210	K	0.1189
211	K	0.1083
212	E	0.0978
213	L	0.1140
214	Q	0.1243
215	F	0.1478
216	I	0.1803
217	R	0.2089
218	V	0.2378
219	S	0.2454
220	S	0.2377
221	I	0.2195
222	L	0.1980
223	K	0.1766
224	E	0.1654
225	A	0.1619
226	D	0.1756
227	K	0.2127
228	E	0.2517
229	K	0.2906
230	K	0.3203
231	L	0.3396
232	E	0.3452
233	L	0.3446
234	F	0.3286
235	P	0.3055
236	Y	0.2815
237	Q	0.2428
238	N	0.2211
239	N	0.2020
240	S	0.1933
241	K	0.2109
242	Y	0.2428
243	V	0.2859
244	A	0.3404
245	K	0.3904
246	K	0.4166
247	L	0.4304
248	D	0.4154
249	S	0.3782
250	L	0.3305
251	T	0.2828
252	Q	0.2324
253	P	0.1901
254	S	0.1585
255	Q	0.1264
256	M	0.1112
257	T	0.0951
258	K	0.0769
259	L	0.0659
260	Q	0.0511
261	L	0.0391
262	L	0.0331
263	Y	0.0303
264	Y	0.0256
265	L	0.0242
266	S	0.0243
267	L	0.0279
268	L	0.0225
269	L	0.0291
270	G	0.0385
271	V	0.0480
272	Y	0.0532
273	E	0.0627
274	N	0.0718
275	R	0.0861
276	R	0.1168
277	V	0.1701
278	N	0.2328
279	N	0.2946
280	K	0.3439
281	T	0.3871
282	K	0.4124
283	L	0.4124
284	L	0.3993
285	E	0.3675
286	R	0.3129
287	L	0.2603
288	N	0.2126
289	S	0.1776
290	P	0.1447
291	P	0.1207
292	E	0.1015
293	I	0.0851
294	L	0.0772
295	V	0.0842
296	D	0.0940
297	G	0.0982
298	I	0.0876
299	L	0.0772
300	S	0.0737
301	R	0.0715
302	F	0.0796
303	T	0.0921
304	V	0.1100
305	I	0.1204
306	K	0.1334
307	P	0.1467
308	G	0.1446
309	Q	0.1311
310	F	0.1326
311	G	0.1522
312	R	0.1934
313	S	0.2426
314	K	0.2978
315	D	0.3492
316	R	0.3767
317	S	0.3768
318	Y	0.3551
319	F	0.3113
320	I	0.2516
321	D	0.1874
322	P	0.1322
323	Q	0.0784
324	N	0.0479
325	E	0.0369
326	D	0.0307
327	K	0.0222
328	I	0.0196
329	L	0.0216
330	C	0.0296
331	Y	0.0297
332	I	0.0282
333	L	0.0262
334	A	0.0202
335	I	0.0144
336	I	0.0076
337	M	0.0044
338	H	0.0054
339	L	0.0074
340	D	0.0091
341	N	0.0089
342	F	0.0103
343	I	0.0200
344	V	0.0368
345	E	0.0548
346	I	0.0752
347	T	0.0874
348	P	0.0985
349	L	0.1057
350	A	0.1076
351	H	0.1072
352	E	0.1024
353	L	0.0961
354	N	0.0870
355	L	0.0821
356	K	0.0795
357	P	0.0761
358	S	0.0696
359	K	0.0628
360	V	0.0524
361	V	0.0465
362	S	0.0450
363	L	0.0440
364	F	0.0477
365	R	0.0466
366	V	0.0507
367	L	0.0490
368	G	0.0458
369	A	0.0441
370	I	0.0346
371	V	0.0296
372	K	0.0360
373	G	0.0436
374	A	0.0578
375	T	0.0755
376	V	0.1039
377	A	0.1376
378	Q	0.1710
379	A	0.1984
380	E	0.2103
381	A	0.2171
382	F	0.2092
383	G	0.2016
384	I	0.1940
385	P	0.1808
386	K	0.1732
387	S	0.1574
388	T	0.1400
389	A	0.1324
390	A	0.1362
391	S	0.1394
392	Y	0.1445
393	K	0.1422
394	I	0.1522
395	A	0.1582
396	T	0.1723
397	M	0.1832
398	K	0.1882
399	V	0.2076
400	P	0.2249
401	F	0.2639
402	K	0.3021
403	L	0.3603
404	P	0.4097
405	E	0.4502
406	M	0.4784
407	T	0.5027
408	R	0.5284
409	R	0.5600
410	G	0.6009
411	R	0.6532
412	G	0.7163
413	P	0.7868
414	R	0.8570
415	R	0.9148
