# IUPred3 - improved prediction of protein disorder with a focus on specific user applications 
# Gábor Erdős, Mátyás Pajkos, Zsuzsanna Dosztányi
# Nucleic Acids Research 2021, Submitted
# 
# IUPred2A: context-dependent prediction of protein disorder as a function of redox state and protein binding
# Balint Meszaros, Gabor Erdos, Zsuzsanna Dosztanyi
# Nucleic Acids Research 2018;46(W1):W329-W337.
#
# Prediction type: short
# Smoothing used: medium
# Prediction output
# POS	RES	IUPRED2	
1	M	0.8393
2	S	0.7728
3	V	0.7155
4	K	0.6643
5	R	0.6170
6	S	0.5724
7	V	0.5299
8	S	0.4893
9	E	0.4509
10	I	0.4153
11	E	0.3790
12	I	0.3591
13	E	0.3377
14	S	0.3224
15	V	0.3072
16	Q	0.2954
17	D	0.2894
18	Q	0.2808
19	P	0.2671
20	S	0.2613
21	V	0.2659
22	A	0.2801
23	V	0.3131
24	G	0.3372
25	S	0.3465
26	F	0.3397
27	F	0.3296
28	K	0.3106
29	G	0.2764
30	F	0.2425
31	R	0.2074
32	A	0.1921
33	P	0.1850
34	S	0.1996
35	D	0.2330
36	T	0.2718
37	T	0.3076
38	F	0.3418
39	D	0.3601
40	L	0.3710
41	Y	0.3684
42	K	0.3627
43	K	0.3498
44	K	0.3312
45	K	0.3175
46	S	0.3147
47	E	0.3248
48	K	0.3417
49	D	0.3615
50	E	0.3845
51	F	0.4014
52	V	0.4152
53	L	0.4247
54	H	0.4300
55	G	0.4300
56	E	0.4246
57	N	0.4169
58	E	0.4171
59	R	0.4205
60	L	0.4429
61	E	0.4654
62	Y	0.4899
63	E	0.5080
64	G	0.5145
65	Y	0.5029
66	T	0.4752
67	D	0.4380
68	S	0.3934
69	S	0.3436
70	S	0.3121
71	Q	0.2973
72	A	0.3015
73	S	0.3249
74	N	0.3512
75	Q	0.3692
76	Y	0.3708
77	V	0.3613
78	V	0.3466
79	G	0.3208
80	L	0.2888
81	F	0.2486
82	N	0.2191
83	P	0.1965
84	E	0.1789
85	K	0.1720
86	K	0.1717
87	S	0.1745
88	I	0.1877
89	Q	0.1952
90	L	0.2113
91	Y	0.2246
92	K	0.2402
93	A	0.2489
94	P	0.2375
95	V	0.2325
96	L	0.2338
97	V	0.2502
98	S	0.2718
99	K	0.2876
100	V	0.3068
101	V	0.3343
102	S	0.3634
103	K	0.3867
104	S	0.4048
105	S	0.4219
106	K	0.4457
107	N	0.4708
108	L	0.5063
109	R	0.5382
110	G	0.5829
111	P	0.6146
112	K	0.6268
113	I	0.6310
114	K	0.6294
115	S	0.6321
116	K	0.6230
117	S	0.6059
118	D	0.5810
119	T	0.5608
120	R	0.5512
121	P	0.5419
122	S	0.5281
123	A	0.5176
124	L	0.5191
125	R	0.5190
126	N	0.5198
127	A	0.5106
128	L	0.4998
129	G	0.4776
130	E	0.4447
131	A	0.4066
132	F	0.3782
133	G	0.3610
134	T	0.3474
135	K	0.3325
136	K	0.3268
137	A	0.3313
138	K	0.3410
139	K	0.3497
140	A	0.3483
141	I	0.3498
142	A	0.3512
143	D	0.3526
144	L	0.3583
145	E	0.3547
146	R	0.3465
147	N	0.3333
148	R	0.3146
149	I	0.2983
150	D	0.2882
151	S	0.2878
152	D	0.2880
153	K	0.2781
154	L	0.2809
155	T	0.2858
156	D	0.2957
157	S	0.3003
158	A	0.3000
159	I	0.2993
160	D	0.3043
161	I	0.3187
162	V	0.3254
163	D	0.3374
164	S	0.3490
165	V	0.3527
166	R	0.3548
167	T	0.3593
168	A	0.3674
169	S	0.3801
170	K	0.3938
171	D	0.4008
172	L	0.4232
173	P	0.4524
174	T	0.4887
175	R	0.5196
176	A	0.5466
177	Q	0.5638
178	L	0.5804
179	D	0.5832
180	E	0.5772
181	I	0.5678
182	T	0.5475
183	S	0.5292
184	N	0.5179
185	D	0.5056
186	R	0.5017
187	P	0.4994
188	T	0.4969
189	P	0.4854
190	L	0.4856
191	A	0.4788
192	N	0.4693
193	I	0.4483
194	D	0.4123
195	A	0.3834
196	T	0.3461
197	D	0.3089
198	V	0.2916
199	E	0.2727
200	Q	0.2595
201	I	0.2539
202	Y	0.2490
203	P	0.2404
204	I	0.2366
205	E	0.2214
206	S	0.1966
207	I	0.1640
208	I	0.1390
209	P	0.1174
210	K	0.1086
211	K	0.0973
212	E	0.0861
213	L	0.0962
214	Q	0.1000
215	F	0.1139
216	I	0.1326
217	R	0.1461
218	V	0.1639
219	S	0.1670
220	S	0.1622
221	I	0.1494
222	L	0.1360
223	K	0.1231
224	E	0.1199
225	A	0.1229
226	D	0.1399
227	K	0.1739
228	E	0.2069
229	K	0.2392
230	K	0.2655
231	L	0.2824
232	E	0.2893
233	L	0.2921
234	F	0.2818
235	P	0.2624
236	Y	0.2402
237	Q	0.2056
238	N	0.1883
239	N	0.1730
240	S	0.1640
241	K	0.1757
242	Y	0.1983
243	V	0.2295
244	A	0.2705
245	K	0.3076
246	K	0.3223
247	L	0.3271
248	D	0.3096
249	S	0.2754
250	L	0.2342
251	T	0.1959
252	Q	0.1596
253	P	0.1308
254	S	0.1102
255	Q	0.0883
256	M	0.0816
257	T	0.0749
258	K	0.0632
259	L	0.0567
260	Q	0.0454
261	L	0.0365
262	L	0.0319
263	Y	0.0298
264	Y	0.0255
265	L	0.0236
266	S	0.0232
267	L	0.0269
268	L	0.0234
269	L	0.0287
270	G	0.0368
271	V	0.0456
272	Y	0.0487
273	E	0.0520
274	N	0.0537
275	R	0.0585
276	R	0.0755
277	V	0.1109
278	N	0.1560
279	N	0.2040
280	K	0.2428
281	T	0.2774
282	K	0.2980
283	L	0.3014
284	L	0.2960
285	E	0.2790
286	R	0.2446
287	L	0.2098
288	N	0.1806
289	S	0.1645
290	P	0.1467
291	P	0.1319
292	E	0.1235
293	I	0.1196
294	L	0.1258
295	V	0.1453
296	D	0.1663
297	G	0.1801
298	I	0.1783
299	L	0.1708
300	S	0.1681
301	R	0.1680
302	F	0.1776
303	T	0.1933
304	V	0.2104
305	I	0.2190
306	K	0.2313
307	P	0.2436
308	G	0.2384
309	Q	0.2159
310	F	0.2025
311	G	0.2046
312	R	0.2280
313	S	0.2635
314	K	0.3048
315	D	0.3416
316	R	0.3565
317	S	0.3433
318	Y	0.3114
319	F	0.2617
320	I	0.2030
321	D	0.1448
322	P	0.0950
323	Q	0.0508
324	N	0.0286
325	E	0.0230
326	D	0.0211
327	K	0.0147
328	I	0.0107
329	L	0.0106
330	C	0.0150
331	Y	0.0146
332	I	0.0131
333	L	0.0120
334	A	0.0086
335	I	0.0048
336	I	0.0014
337	M	-0.0006
338	H	-0.0009
339	L	0.0005
340	D	0.0022
341	N	0.0020
342	F	0.0016
343	I	0.0032
344	V	0.0061
345	E	0.0092
346	I	0.0128
347	T	0.0142
348	P	0.0160
349	L	0.0176
350	A	0.0184
351	H	0.0195
352	E	0.0199
353	L	0.0201
354	N	0.0196
355	L	0.0200
356	K	0.0201
357	P	0.0199
358	S	0.0183
359	K	0.0167
360	V	0.0146
361	V	0.0146
362	S	0.0160
363	L	0.0176
364	F	0.0201
365	R	0.0205
366	V	0.0226
367	L	0.0219
368	G	0.0206
369	A	0.0202
370	I	0.0147
371	V	0.0116
372	K	0.0153
373	G	0.0191
374	A	0.0260
375	T	0.0353
376	V	0.0521
377	A	0.0722
378	Q	0.0947
379	A	0.1149
380	E	0.1251
381	A	0.1365
382	F	0.1387
383	G	0.1444
384	I	0.1506
385	P	0.1529
386	K	0.1583
387	S	0.1567
388	T	0.1562
389	A	0.1655
390	A	0.1837
391	S	0.2013
392	Y	0.2190
393	K	0.2296
394	I	0.2486
395	A	0.2629
396	T	0.2834
397	M	0.3033
398	K	0.3161
399	V	0.3377
400	P	0.3568
401	F	0.3919
402	K	0.4327
403	L	0.4845
404	P	0.5415
405	E	0.5936
406	M	0.6487
407	T	0.7043
408	R	0.7590
409	R	0.8117
410	G	0.8608
411	R	0.9050
412	G	0.9424
413	P	0.9712
414	R	0.9892
415	R	0.9939
